# JRE version: OpenJDK Runtime Environment Temurin-17.0.9+9 (17.0.9+9) (build 17.0.9+9)
# Java VM: OpenJDK 64-Bit Server VM Temurin-17.0.9+9 (17.0.9+9, mixed mode, sharing, tiered, compressed oops, compressed class ptrs, g1 gc, windows-amd64)
GC Precious Log:
 CPUs: 16 total, 16 available
 Memory: 32669M
 Large Page Support: Disabled
 NUMA Support: Disabled
 Compressed Oops: Enabled (Zero based)
 Heap Region Size: 2M
 Heap Min Capacity: 8M
 Heap Initial Capacity: 512M
 Heap Max Capacity: 4G
 Pre-touch: Disabled
 Parallel Workers: 13
 Concurrent Workers: 3
 Concurrent Refinement Workers: 13
 Periodic GC: Disabled
Heap:
 garbage-first heap   total 141312K, used 100651K [0x0000000700000000, 0x0000000800000000)
  region size 2048K, 15 young (30720K), 2 survivors (4096K)
 Metaspace       used 70090K, committed 70720K, reserved 1114112K
  class space    used 9631K, committed 9920K, reserved 1048576K
GC Heap History (20 events):
Event: 4.846 GC heap before
{Heap before GC invocations=15 (full 0):
 garbage-first heap   total 90112K, used 62102K [0x0000000700000000, 0x0000000800000000)
  region size 2048K, 14 young (28672K), 3 survivors (6144K)
 Metaspace       used 55342K, committed 56000K, reserved 1114112K
  class space    used 7794K, committed 8128K, reserved 1048576K
}
Event: 4.849 GC heap after
{Heap after GC invocations=16 (full 0):
 garbage-first heap   total 90112K, used 49744K [0x0000000700000000, 0x0000000800000000)
  region size 2048K, 2 young (4096K), 2 survivors (4096K)
 Metaspace       used 55342K, committed 56000K, reserved 1114112K
  class space    used 7794K, committed 8128K, reserved 1048576K
}
Event: 4.885 GC heap before
{Heap before GC invocations=17 (full 0):
 garbage-first heap   total 102400K, used 53840K [0x0000000700000000, 0x0000000800000000)
  region size 2048K, 4 young (8192K), 2 survivors (4096K)
 Metaspace       used 55342K, committed 56000K, reserved 1114112K
  class space    used 7794K, committed 8128K, reserved 1048576K
}
Event: 4.887 GC heap after
{Heap after GC invocations=18 (full 0):
 garbage-first heap   total 102400K, used 56062K [0x0000000700000000, 0x0000000800000000)
  region size 2048K, 2 young (4096K), 2 survivors (4096K)
 Metaspace       used 55342K, committed 56000K, reserved 1114112K
  class space    used 7794K, committed 8128K, reserved 1048576K
}
Event: 5.055 GC heap before
{Heap before GC invocations=19 (full 0):
 garbage-first heap   total 110592K, used 72446K [0x0000000700000000, 0x0000000800000000)
  region size 2048K, 9 young (18432K), 2 survivors (4096K)
 Metaspace       used 56537K, committed 57152K, reserved 1114112K
  class space    used 7949K, committed 8256K, reserved 1048576K
}
Event: 5.057 GC heap after
{Heap after GC invocations=20 (full 0):
 garbage-first heap   total 110592K, used 60043K [0x0000000700000000, 0x0000000800000000)
  region size 2048K, 1 young (2048K), 1 survivors (2048K)
 Metaspace       used 56537K, committed 57152K, reserved 1114112K
  class space    used 7949K, committed 8256K, reserved 1048576K
}
Event: 5.196 GC heap before
{Heap before GC invocations=20 (full 0):
 garbage-first heap   total 110592K, used 74379K [0x0000000700000000, 0x0000000800000000)
  region size 2048K, 9 young (18432K), 1 survivors (2048K)
 Metaspace       used 58523K, committed 59136K, reserved 1114112K
  class space    used 8204K, committed 8512K, reserved 1048576K
}
Event: 5.197 GC heap after
{Heap after GC invocations=21 (full 0):
 garbage-first heap   total 110592K, used 60641K [0x0000000700000000, 0x0000000800000000)
  region size 2048K, 2 young (4096K), 2 survivors (4096K)
 Metaspace       used 58523K, committed 59136K, reserved 1114112K
  class space    used 8204K, committed 8512K, reserved 1048576K
}
Event: 5.359 GC heap before
{Heap before GC invocations=22 (full 0):
 garbage-first heap   total 116736K, used 79073K [0x0000000700000000, 0x0000000800000000)
  region size 2048K, 11 young (22528K), 2 survivors (4096K)
 Metaspace       used 61377K, committed 62016K, reserved 1114112K
  class space    used 8532K, committed 8832K, reserved 1048576K
}
Event: 5.360 GC heap after
{Heap after GC invocations=23 (full 0):
 garbage-first heap   total 116736K, used 61112K [0x0000000700000000, 0x0000000800000000)
  region size 2048K, 1 young (2048K), 1 survivors (2048K)
 Metaspace       used 61377K, committed 62016K, reserved 1114112K
  class space    used 8532K, committed 8832K, reserved 1048576K
}
Event: 5.501 GC heap before
{Heap before GC invocations=23 (full 0):
 garbage-first heap   total 116736K, used 81592K [0x0000000700000000, 0x0000000800000000)
  region size 2048K, 12 young (24576K), 1 survivors (2048K)
 Metaspace       used 63466K, committed 64128K, reserved 1114112K
  class space    used 8775K, committed 9088K, reserved 1048576K
}
Event: 5.504 GC heap after
{Heap after GC invocations=24 (full 0):
 garbage-first heap   total 116736K, used 68022K [0x0000000700000000, 0x0000000800000000)
  region size 2048K, 2 young (4096K), 2 survivors (4096K)
 Metaspace       used 63466K, committed 64128K, reserved 1114112K
  class space    used 8775K, committed 9088K, reserved 1048576K
}
Event: 5.628 GC heap before
{Heap before GC invocations=25 (full 0):
 garbage-first heap   total 131072K, used 86454K [0x0000000700000000, 0x0000000800000000)
  region size 2048K, 11 young (22528K), 2 survivors (4096K)
 Metaspace       used 64685K, committed 65280K, reserved 1114112K
  class space    used 8944K, committed 9216K, reserved 1048576K
}
Event: 5.630 GC heap after
{Heap after GC invocations=26 (full 0):
 garbage-first heap   total 131072K, used 68704K [0x0000000700000000, 0x0000000800000000)
  region size 2048K, 2 young (4096K), 2 survivors (4096K)
 Metaspace       used 64685K, committed 65280K, reserved 1114112K
  class space    used 8944K, committed 9216K, reserved 1048576K
}
Event: 5.769 GC heap before
{Heap before GC invocations=26 (full 0):
 garbage-first heap   total 131072K, used 93280K [0x0000000700000000, 0x0000000800000000)
  region size 2048K, 14 young (28672K), 2 survivors (4096K)
 Metaspace       used 66431K, committed 67072K, reserved 1114112K
  class space    used 9153K, committed 9472K, reserved 1048576K
}
Event: 5.770 GC heap after
{Heap after GC invocations=27 (full 0):
 garbage-first heap   total 131072K, used 70555K [0x0000000700000000, 0x0000000800000000)
  region size 2048K, 1 young (2048K), 1 survivors (2048K)
 Metaspace       used 66431K, committed 67072K, reserved 1114112K
  class space    used 9153K, committed 9472K, reserved 1048576K
}
Event: 5.950 GC heap before
{Heap before GC invocations=28 (full 0):
 garbage-first heap   total 131072K, used 95131K [0x0000000700000000, 0x0000000800000000)
  region size 2048K, 14 young (28672K), 1 survivors (2048K)
 Metaspace       used 68836K, committed 69504K, reserved 1114112K
  class space    used 9449K, committed 9728K, reserved 1048576K
}
Event: 5.951 GC heap after
{Heap after GC invocations=29 (full 0):
 garbage-first heap   total 131072K, used 71558K [0x0000000700000000, 0x0000000800000000)
  region size 2048K, 2 young (4096K), 2 survivors (4096K)
 Metaspace       used 68836K, committed 69504K, reserved 1114112K
  class space    used 9449K, committed 9728K, reserved 1048576K
}
Event: 6.073 GC heap before
{Heap before GC invocations=29 (full 0):
 garbage-first heap   total 131072K, used 98182K [0x0000000700000000, 0x0000000800000000)
  region size 2048K, 15 young (30720K), 2 survivors (4096K)
 Metaspace       used 69874K, committed 70528K, reserved 1114112K
  class space    used 9595K, committed 9920K, reserved 1048576K
}
Event: 6.075 GC heap after
{Heap after GC invocations=30 (full 0):
 garbage-first heap   total 131072K, used 74027K [0x0000000700000000, 0x0000000800000000)
  region size 2048K, 2 young (4096K), 2 survivors (4096K)
 Metaspace       used 69874K, committed 70528K, reserved 1114112K
  class space    used 9595K, committed 9920K, reserved 1048576K
}

